<?xml version="1.0" encoding="UTF-8"?>
<!-- Generated by org.testng.reporters.JUnitXMLReporter -->
<testsuite ignored="3" hostname="sunils-MacBook-Pro.local" failures="0" tests="1" name="Surefire test" time="0.256" errors="0" timestamp="2020-04-26T20:46:34 EDT">
  <testcase classname="SerializeNDeSerializeComplexJsonTest" name="TestDeSerializeFromFileRead" time="0.003"/>
  <testcase classname="SerializeNDeSerializeComplexJsonTest" name="TestSerializeAndFileWrite" time="0.0">
    <ignored/>
  </testcase> <!-- TestSerializeAndFileWrite -->
  <testcase classname="SerializeNDeSerializeComplexJsonTest" name="TestSerialize" time="0.0">
    <ignored/>
  </testcase> <!-- TestSerialize -->
  <testcase classname="SerializeNDeSerializeComplexJsonTest" name="TestDeSerialize" time="0.0">
    <ignored/>
  </testcase> <!-- TestDeSerialize -->
</testsuite> <!-- Surefire test -->
