<?xml version="1.0" encoding="UTF-8"?>
<!-- Generated by org.testng.reporters.JUnitXMLReporter -->
<testsuite ignored="0" hostname="sunils-MacBook-Pro.local" failures="0" tests="4" name="Surefire test" time="0.343" errors="0" timestamp="2020-04-26T01:57:56 EDT">
  <testcase classname="SerializeNDeSerializeJsonTest" name="TestDeSerialize" time="0.002"/>
  <testcase classname="SerializeNDeSerializeJsonTest" name="TestSerialize" time="0.002"/>
  <testcase classname="SerializeNDeSerializeJsonTest" name="TestDeSerializeFromFileRead" time="0.002"/>
  <testcase classname="SerializeNDeSerializeJsonTest" name="TestSerializeAndFileWrite" time="0.107"/>
</testsuite> <!-- Surefire test -->
