-------------------------------------------------------------------------------
Test set: SerializeNDeSerializeJsonTest
-------------------------------------------------------------------------------
Tests run: 4, Failures: 1, Errors: 0, Skipped: 0, Time elapsed: 5.727 s <<< FAILURE! - in SerializeNDeSerializeJsonTest
SerializeNDeSerializeJsonTest.TestSerialize  Time elapsed: 0.008 s  <<< FAILURE!
java.lang.AssertionError: Sunil found in SerializedJson expected [true] but found [false]
	at SerializeNDeSerializeJsonTest.TestSerialize(SerializeNDeSerializeJsonTest.java:22)

