<?xml version="1.0" encoding="UTF-8"?>
<testng-results ignored="0" total="1" passed="1" failed="0" skipped="0">
  <reporter-output>
  </reporter-output>
  <suite started-at="2020-04-25T23:50:48 EDT" name="Surefire suite" finished-at="2020-04-25T23:50:48 EDT" duration-ms="109">
    <groups>
    </groups>
    <test started-at="2020-04-25T23:50:48 EDT" name="Surefire test" finished-at="2020-04-25T23:50:48 EDT" duration-ms="109">
      <class name="SerializeNSerializeJsonTest">
        <test-method is-config="true" signature="SerializeNDeserialize()[pri:0, instance:SerializeNSerializeJsonTest@1990a65e]" started-at="2020-04-25T23:50:48 EDT" name="SerializeNDeserialize" finished-at="2020-04-25T23:50:48 EDT" duration-ms="80" status="PASS">
          <reporter-output>
          </reporter-output>
        </test-method> <!-- SerializeNDeserialize -->
        <test-method signature="SerializeTest()[pri:0, instance:SerializeNSerializeJsonTest@1990a65e]" started-at="2020-04-25T23:50:48 EDT" name="SerializeTest" finished-at="2020-04-25T23:50:48 EDT" duration-ms="2" status="PASS">
          <reporter-output>
          </reporter-output>
        </test-method> <!-- SerializeTest -->
      </class> <!-- SerializeNSerializeJsonTest -->
    </test> <!-- Surefire test -->
  </suite> <!-- Surefire suite -->
</testng-results>
