<?xml version="1.0" encoding="UTF-8"?>
<testng-results ignored="3" total="4" passed="1" failed="0" skipped="0">
  <reporter-output>
  </reporter-output>
  <suite started-at="2020-04-26T20:46:29 EDT" name="Surefire suite" finished-at="2020-04-26T20:46:29 EDT" duration-ms="256">
    <groups>
    </groups>
    <test started-at="2020-04-26T20:46:29 EDT" name="Surefire test" finished-at="2020-04-26T20:46:29 EDT" duration-ms="256">
      <class name="SerializeNDeSerializeComplexJsonTest">
        <test-method is-config="true" signature="SerializeNDeserialize()[pri:0, instance:SerializeNDeSerializeComplexJsonTest@10dba097]" started-at="2020-04-26T20:46:29 EDT" name="SerializeNDeserialize" finished-at="2020-04-26T20:46:29 EDT" duration-ms="221" status="PASS">
          <reporter-output>
          </reporter-output>
        </test-method> <!-- SerializeNDeserialize -->
        <test-method signature="TestDeSerializeFromFileRead()[pri:0, instance:SerializeNDeSerializeComplexJsonTest@10dba097]" started-at="2020-04-26T20:46:29 EDT" name="TestDeSerializeFromFileRead" finished-at="2020-04-26T20:46:29 EDT" duration-ms="3" status="PASS">
          <reporter-output>
          </reporter-output>
        </test-method> <!-- TestDeSerializeFromFileRead -->
      </class> <!-- SerializeNDeSerializeComplexJsonTest -->
    </test> <!-- Surefire test -->
  </suite> <!-- Surefire suite -->
</testng-results>
